CRITICAL - 2022-12-05 13:13:44 --> syntax error, unexpected variable "$sql"
in APPPATH\Controllers\Login.php on line 33.
 1 SYSTEMPATH\Router\Router.php(499): CodeIgniter\Router\AutoRouter->getRoute('Login/login')
 2 SYSTEMPATH\Router\Router.php(205): CodeIgniter\Router\Router->autoRoute('Login/login')
 3 SYSTEMPATH\CodeIgniter.php(802): CodeIgniter\Router\Router->handle('Login/login')
 4 SYSTEMPATH\CodeIgniter.php(430): CodeIgniter\CodeIgniter->tryToRouteIt(Object(CodeIgniter\Router\RouteCollection))
 5 SYSTEMPATH\CodeIgniter.php(351): CodeIgniter\CodeIgniter->handleRequest(null, Object(Config\Cache), false)
 6 FCPATH\index.php(67): CodeIgniter\CodeIgniter->run()
CRITICAL - 2022-12-05 13:13:50 --> syntax error, unexpected variable "$sql"
in APPPATH\Controllers\Login.php on line 33.
 1 SYSTEMPATH\Router\Router.php(499): CodeIgniter\Router\AutoRouter->getRoute('Login/login')
 2 SYSTEMPATH\Router\Router.php(205): CodeIgniter\Router\Router->autoRoute('Login/login')
 3 SYSTEMPATH\CodeIgniter.php(802): CodeIgniter\Router\Router->handle('Login/login')
 4 SYSTEMPATH\CodeIgniter.php(430): CodeIgniter\CodeIgniter->tryToRouteIt(Object(CodeIgniter\Router\RouteCollection))
 5 SYSTEMPATH\CodeIgniter.php(351): CodeIgniter\CodeIgniter->handleRequest(null, Object(Config\Cache), false)
 6 FCPATH\index.php(67): CodeIgniter\CodeIgniter->run()
CRITICAL - 2022-12-05 13:14:19 --> syntax error, unexpected variable "$sql"
in APPPATH\Controllers\Login.php on line 33.
 1 SYSTEMPATH\Router\Router.php(499): CodeIgniter\Router\AutoRouter->getRoute('Login/login')
 2 SYSTEMPATH\Router\Router.php(205): CodeIgniter\Router\Router->autoRoute('Login/login')
 3 SYSTEMPATH\CodeIgniter.php(802): CodeIgniter\Router\Router->handle('Login/login')
 4 SYSTEMPATH\CodeIgniter.php(430): CodeIgniter\CodeIgniter->tryToRouteIt(Object(CodeIgniter\Router\RouteCollection))
 5 SYSTEMPATH\CodeIgniter.php(351): CodeIgniter\CodeIgniter->handleRequest(null, Object(Config\Cache), false)
 6 FCPATH\index.php(67): CodeIgniter\CodeIgniter->run()
CRITICAL - 2022-12-05 13:15:05 --> syntax error, unexpected variable "$sql"
in APPPATH\Controllers\Login.php on line 34.
 1 SYSTEMPATH\Router\Router.php(499): CodeIgniter\Router\AutoRouter->getRoute('Login/login')
 2 SYSTEMPATH\Router\Router.php(205): CodeIgniter\Router\Router->autoRoute('Login/login')
 3 SYSTEMPATH\CodeIgniter.php(802): CodeIgniter\Router\Router->handle('Login/login')
 4 SYSTEMPATH\CodeIgniter.php(430): CodeIgniter\CodeIgniter->tryToRouteIt(Object(CodeIgniter\Router\RouteCollection))
 5 SYSTEMPATH\CodeIgniter.php(351): CodeIgniter\CodeIgniter->handleRequest(null, Object(Config\Cache), false)
 6 FCPATH\index.php(67): CodeIgniter\CodeIgniter->run()
CRITICAL - 2022-12-05 13:18:40 --> Class "App\Controllers\DateTime" not found
in APPPATH\Controllers\Login.php on line 32.
 1 SYSTEMPATH\CodeIgniter.php(927): App\Controllers\Login->login()
 2 SYSTEMPATH\CodeIgniter.php(482): CodeIgniter\CodeIgniter->runController(Object(App\Controllers\Login))
 3 SYSTEMPATH\CodeIgniter.php(351): CodeIgniter\CodeIgniter->handleRequest(null, Object(Config\Cache), false)
 4 FCPATH\index.php(67): CodeIgniter\CodeIgniter->run()
CRITICAL - 2022-12-05 13:19:52 --> Class "App\Controllers\DateTime" not found
in APPPATH\Controllers\Login.php on line 32.
 1 SYSTEMPATH\CodeIgniter.php(927): App\Controllers\Login->login()
 2 SYSTEMPATH\CodeIgniter.php(482): CodeIgniter\CodeIgniter->runController(Object(App\Controllers\Login))
 3 SYSTEMPATH\CodeIgniter.php(351): CodeIgniter\CodeIgniter->handleRequest(null, Object(Config\Cache), false)
 4 FCPATH\index.php(67): CodeIgniter\CodeIgniter->run()
CRITICAL - 2022-12-05 13:20:50 --> substr_replace(): Argument #2 ($replace) must be of type array|string, DateTime given
in SYSTEMPATH\Database\Query.php on line 362.
 1 SYSTEMPATH\Database\Query.php(362): substr_replace('INSERT INTO tokens (idUser, token, expirareToken) VALUES (?, ?, ?);', Object(DateTime), 64, 1)
 2 SYSTEMPATH\Database\Query.php(304): CodeIgniter\Database\Query->matchSimpleBinds('INSERT INTO tokens (idUser, token, expirareToken) VALUES (?, ?, ?);', [...], 3, 1)
 3 SYSTEMPATH\Database\Query.php(159): CodeIgniter\Database\Query->compileBinds()
 4 SYSTEMPATH\Database\BaseConnection.php(593): CodeIgniter\Database\Query->getQuery()
 5 APPPATH\Controllers\Login.php(37): CodeIgniter\Database\BaseConnection->query('INSERT INTO tokens (idUser, token, expirareToken) VALUES (?, ?, ?);', [...])
 6 SYSTEMPATH\CodeIgniter.php(927): App\Controllers\Login->login()
 7 SYSTEMPATH\CodeIgniter.php(482): CodeIgniter\CodeIgniter->runController(Object(App\Controllers\Login))
 8 SYSTEMPATH\CodeIgniter.php(351): CodeIgniter\CodeIgniter->handleRequest(null, Object(Config\Cache), false)
 9 FCPATH\index.php(67): CodeIgniter\CodeIgniter->run()
CRITICAL - 2022-12-05 13:22:09 --> substr_replace(): Argument #2 ($replace) must be of type array|string, DateTime given
in SYSTEMPATH\Database\Query.php on line 362.
 1 SYSTEMPATH\Database\Query.php(362): substr_replace('INSERT INTO tokens (idUser, token, expirareToken) VALUES (?, ?, ?);', Object(DateTime), 64, 1)
 2 SYSTEMPATH\Database\Query.php(304): CodeIgniter\Database\Query->matchSimpleBinds('INSERT INTO tokens (idUser, token, expirareToken) VALUES (?, ?, ?);', [...], 3, 1)
 3 SYSTEMPATH\Database\Query.php(159): CodeIgniter\Database\Query->compileBinds()
 4 SYSTEMPATH\Database\BaseConnection.php(593): CodeIgniter\Database\Query->getQuery()
 5 APPPATH\Controllers\Login.php(37): CodeIgniter\Database\BaseConnection->query('INSERT INTO tokens (idUser, token, expirareToken) VALUES (?, ?, ?);', [...])
 6 SYSTEMPATH\CodeIgniter.php(927): App\Controllers\Login->login()
 7 SYSTEMPATH\CodeIgniter.php(482): CodeIgniter\CodeIgniter->runController(Object(App\Controllers\Login))
 8 SYSTEMPATH\CodeIgniter.php(351): CodeIgniter\CodeIgniter->handleRequest(null, Object(Config\Cache), false)
 9 FCPATH\index.php(67): CodeIgniter\CodeIgniter->run()
CRITICAL - 2022-12-05 13:37:40 --> Undefined variable $token
in APPPATH\Controllers\Login.php on line 56.
 1 APPPATH\Controllers\Login.php(56): CodeIgniter\Debug\Exceptions->errorHandler(2, 'Undefined variable $token', 'APPPATH\\Controllers\\Login.php', 56)
 2 SYSTEMPATH\CodeIgniter.php(927): App\Controllers\Login->checkToken()
 3 SYSTEMPATH\CodeIgniter.php(482): CodeIgniter\CodeIgniter->runController(Object(App\Controllers\Login))
 4 SYSTEMPATH\CodeIgniter.php(351): CodeIgniter\CodeIgniter->handleRequest(null, Object(Config\Cache), false)
 5 FCPATH\index.php(67): CodeIgniter\CodeIgniter->run()
CRITICAL - 2022-12-05 13:37:42 --> Undefined variable $token
in APPPATH\Controllers\Login.php on line 56.
 1 APPPATH\Controllers\Login.php(56): CodeIgniter\Debug\Exceptions->errorHandler(2, 'Undefined variable $token', 'APPPATH\\Controllers\\Login.php', 56)
 2 SYSTEMPATH\CodeIgniter.php(927): App\Controllers\Login->checkToken()
 3 SYSTEMPATH\CodeIgniter.php(482): CodeIgniter\CodeIgniter->runController(Object(App\Controllers\Login))
 4 SYSTEMPATH\CodeIgniter.php(351): CodeIgniter\CodeIgniter->handleRequest(null, Object(Config\Cache), false)
 5 FCPATH\index.php(67): CodeIgniter\CodeIgniter->run()
CRITICAL - 2022-12-05 13:37:43 --> Undefined variable $token
in APPPATH\Controllers\Login.php on line 56.
 1 APPPATH\Controllers\Login.php(56): CodeIgniter\Debug\Exceptions->errorHandler(2, 'Undefined variable $token', 'APPPATH\\Controllers\\Login.php', 56)
 2 SYSTEMPATH\CodeIgniter.php(927): App\Controllers\Login->checkToken()
 3 SYSTEMPATH\CodeIgniter.php(482): CodeIgniter\CodeIgniter->runController(Object(App\Controllers\Login))
 4 SYSTEMPATH\CodeIgniter.php(351): CodeIgniter\CodeIgniter->handleRequest(null, Object(Config\Cache), false)
 5 FCPATH\index.php(67): CodeIgniter\CodeIgniter->run()
CRITICAL - 2022-12-05 13:48:43 --> Undefined variable $dataExpirare
in APPPATH\Controllers\Login.php on line 65.
 1 APPPATH\Controllers\Login.php(65): CodeIgniter\Debug\Exceptions->errorHandler(2, 'Undefined variable $dataExpirare', 'APPPATH\\Controllers\\Login.php', 65)
 2 SYSTEMPATH\CodeIgniter.php(927): App\Controllers\Login->checkToken()
 3 SYSTEMPATH\CodeIgniter.php(482): CodeIgniter\CodeIgniter->runController(Object(App\Controllers\Login))
 4 SYSTEMPATH\CodeIgniter.php(351): CodeIgniter\CodeIgniter->handleRequest(null, Object(Config\Cache), false)
 5 FCPATH\index.php(67): CodeIgniter\CodeIgniter->run()
CRITICAL - 2022-12-05 13:48:44 --> Undefined variable $dataExpirare
in APPPATH\Controllers\Login.php on line 65.
 1 APPPATH\Controllers\Login.php(65): CodeIgniter\Debug\Exceptions->errorHandler(2, 'Undefined variable $dataExpirare', 'APPPATH\\Controllers\\Login.php', 65)
 2 SYSTEMPATH\CodeIgniter.php(927): App\Controllers\Login->checkToken()
 3 SYSTEMPATH\CodeIgniter.php(482): CodeIgniter\CodeIgniter->runController(Object(App\Controllers\Login))
 4 SYSTEMPATH\CodeIgniter.php(351): CodeIgniter\CodeIgniter->handleRequest(null, Object(Config\Cache), false)
 5 FCPATH\index.php(67): CodeIgniter\CodeIgniter->run()
CRITICAL - 2022-12-05 13:48:49 --> Undefined variable $dataExpirare
in APPPATH\Controllers\Login.php on line 65.
 1 APPPATH\Controllers\Login.php(65): CodeIgniter\Debug\Exceptions->errorHandler(2, 'Undefined variable $dataExpirare', 'APPPATH\\Controllers\\Login.php', 65)
 2 SYSTEMPATH\CodeIgniter.php(927): App\Controllers\Login->checkToken()
 3 SYSTEMPATH\CodeIgniter.php(482): CodeIgniter\CodeIgniter->runController(Object(App\Controllers\Login))
 4 SYSTEMPATH\CodeIgniter.php(351): CodeIgniter\CodeIgniter->handleRequest(null, Object(Config\Cache), false)
 5 FCPATH\index.php(67): CodeIgniter\CodeIgniter->run()
CRITICAL - 2022-12-05 13:48:51 --> Undefined variable $dataExpirare
in APPPATH\Controllers\Login.php on line 65.
 1 APPPATH\Controllers\Login.php(65): CodeIgniter\Debug\Exceptions->errorHandler(2, 'Undefined variable $dataExpirare', 'APPPATH\\Controllers\\Login.php', 65)
 2 SYSTEMPATH\CodeIgniter.php(927): App\Controllers\Login->checkToken()
 3 SYSTEMPATH\CodeIgniter.php(482): CodeIgniter\CodeIgniter->runController(Object(App\Controllers\Login))
 4 SYSTEMPATH\CodeIgniter.php(351): CodeIgniter\CodeIgniter->handleRequest(null, Object(Config\Cache), false)
 5 FCPATH\index.php(67): CodeIgniter\CodeIgniter->run()
CRITICAL - 2022-12-05 13:48:53 --> Undefined variable $dataExpirare
in APPPATH\Controllers\Login.php on line 65.
 1 APPPATH\Controllers\Login.php(65): CodeIgniter\Debug\Exceptions->errorHandler(2, 'Undefined variable $dataExpirare', 'APPPATH\\Controllers\\Login.php', 65)
 2 SYSTEMPATH\CodeIgniter.php(927): App\Controllers\Login->checkToken()
 3 SYSTEMPATH\CodeIgniter.php(482): CodeIgniter\CodeIgniter->runController(Object(App\Controllers\Login))
 4 SYSTEMPATH\CodeIgniter.php(351): CodeIgniter\CodeIgniter->handleRequest(null, Object(Config\Cache), false)
 5 FCPATH\index.php(67): CodeIgniter\CodeIgniter->run()
CRITICAL - 2022-12-05 13:49:11 --> Undefined variable $dataExpirare
in APPPATH\Controllers\Login.php on line 65.
 1 APPPATH\Controllers\Login.php(65): CodeIgniter\Debug\Exceptions->errorHandler(2, 'Undefined variable $dataExpirare', 'APPPATH\\Controllers\\Login.php', 65)
 2 SYSTEMPATH\CodeIgniter.php(927): App\Controllers\Login->checkToken()
 3 SYSTEMPATH\CodeIgniter.php(482): CodeIgniter\CodeIgniter->runController(Object(App\Controllers\Login))
 4 SYSTEMPATH\CodeIgniter.php(351): CodeIgniter\CodeIgniter->handleRequest(null, Object(Config\Cache), false)
 5 FCPATH\index.php(67): CodeIgniter\CodeIgniter->run()
CRITICAL - 2022-12-05 13:49:46 --> Undefined variable $dataExpirare
in APPPATH\Controllers\Login.php on line 65.
 1 APPPATH\Controllers\Login.php(65): CodeIgniter\Debug\Exceptions->errorHandler(2, 'Undefined variable $dataExpirare', 'APPPATH\\Controllers\\Login.php', 65)
 2 SYSTEMPATH\CodeIgniter.php(927): App\Controllers\Login->checkToken()
 3 SYSTEMPATH\CodeIgniter.php(482): CodeIgniter\CodeIgniter->runController(Object(App\Controllers\Login))
 4 SYSTEMPATH\CodeIgniter.php(351): CodeIgniter\CodeIgniter->handleRequest(null, Object(Config\Cache), false)
 5 FCPATH\index.php(67): CodeIgniter\CodeIgniter->run()
CRITICAL - 2022-12-05 13:50:37 --> Undefined variable $dataExpirare
in APPPATH\Controllers\Login.php on line 66.
 1 APPPATH\Controllers\Login.php(66): CodeIgniter\Debug\Exceptions->errorHandler(2, 'Undefined variable $dataExpirare', 'APPPATH\\Controllers\\Login.php', 66)
 2 SYSTEMPATH\CodeIgniter.php(927): App\Controllers\Login->checkToken()
 3 SYSTEMPATH\CodeIgniter.php(482): CodeIgniter\CodeIgniter->runController(Object(App\Controllers\Login))
 4 SYSTEMPATH\CodeIgniter.php(351): CodeIgniter\CodeIgniter->handleRequest(null, Object(Config\Cache), false)
 5 FCPATH\index.php(67): CodeIgniter\CodeIgniter->run()
CRITICAL - 2022-12-05 13:50:39 --> Undefined variable $dataExpirare
in APPPATH\Controllers\Login.php on line 66.
 1 APPPATH\Controllers\Login.php(66): CodeIgniter\Debug\Exceptions->errorHandler(2, 'Undefined variable $dataExpirare', 'APPPATH\\Controllers\\Login.php', 66)
 2 SYSTEMPATH\CodeIgniter.php(927): App\Controllers\Login->checkToken()
 3 SYSTEMPATH\CodeIgniter.php(482): CodeIgniter\CodeIgniter->runController(Object(App\Controllers\Login))
 4 SYSTEMPATH\CodeIgniter.php(351): CodeIgniter\CodeIgniter->handleRequest(null, Object(Config\Cache), false)
 5 FCPATH\index.php(67): CodeIgniter\CodeIgniter->run()
CRITICAL - 2022-12-05 13:50:48 --> Undefined variable $dataExpirare
in APPPATH\Controllers\Login.php on line 66.
 1 APPPATH\Controllers\Login.php(66): CodeIgniter\Debug\Exceptions->errorHandler(2, 'Undefined variable $dataExpirare', 'APPPATH\\Controllers\\Login.php', 66)
 2 SYSTEMPATH\CodeIgniter.php(927): App\Controllers\Login->checkToken()
 3 SYSTEMPATH\CodeIgniter.php(482): CodeIgniter\CodeIgniter->runController(Object(App\Controllers\Login))
 4 SYSTEMPATH\CodeIgniter.php(351): CodeIgniter\CodeIgniter->handleRequest(null, Object(Config\Cache), false)
 5 FCPATH\index.php(67): CodeIgniter\CodeIgniter->run()
CRITICAL - 2022-12-05 13:50:49 --> Undefined variable $dataExpirare
in APPPATH\Controllers\Login.php on line 66.
 1 APPPATH\Controllers\Login.php(66): CodeIgniter\Debug\Exceptions->errorHandler(2, 'Undefined variable $dataExpirare', 'APPPATH\\Controllers\\Login.php', 66)
 2 SYSTEMPATH\CodeIgniter.php(927): App\Controllers\Login->checkToken()
 3 SYSTEMPATH\CodeIgniter.php(482): CodeIgniter\CodeIgniter->runController(Object(App\Controllers\Login))
 4 SYSTEMPATH\CodeIgniter.php(351): CodeIgniter\CodeIgniter->handleRequest(null, Object(Config\Cache), false)
 5 FCPATH\index.php(67): CodeIgniter\CodeIgniter->run()
CRITICAL - 2022-12-05 13:51:01 --> Undefined variable $dataExpirare
in APPPATH\Controllers\Login.php on line 66.
 1 APPPATH\Controllers\Login.php(66): CodeIgniter\Debug\Exceptions->errorHandler(2, 'Undefined variable $dataExpirare', 'APPPATH\\Controllers\\Login.php', 66)
 2 SYSTEMPATH\CodeIgniter.php(927): App\Controllers\Login->checkToken()
 3 SYSTEMPATH\CodeIgniter.php(482): CodeIgniter\CodeIgniter->runController(Object(App\Controllers\Login))
 4 SYSTEMPATH\CodeIgniter.php(351): CodeIgniter\CodeIgniter->handleRequest(null, Object(Config\Cache), false)
 5 FCPATH\index.php(67): CodeIgniter\CodeIgniter->run()
CRITICAL - 2022-12-05 13:51:14 --> Undefined variable $dataExpirare
in APPPATH\Controllers\Login.php on line 64.
 1 APPPATH\Controllers\Login.php(64): CodeIgniter\Debug\Exceptions->errorHandler(2, 'Undefined variable $dataExpirare', 'APPPATH\\Controllers\\Login.php', 64)
 2 SYSTEMPATH\CodeIgniter.php(927): App\Controllers\Login->checkToken()
 3 SYSTEMPATH\CodeIgniter.php(482): CodeIgniter\CodeIgniter->runController(Object(App\Controllers\Login))
 4 SYSTEMPATH\CodeIgniter.php(351): CodeIgniter\CodeIgniter->handleRequest(null, Object(Config\Cache), false)
 5 FCPATH\index.php(67): CodeIgniter\CodeIgniter->run()
CRITICAL - 2022-12-05 13:51:25 --> Undefined variable $dataExpirare
in APPPATH\Controllers\Login.php on line 64.
 1 APPPATH\Controllers\Login.php(64): CodeIgniter\Debug\Exceptions->errorHandler(2, 'Undefined variable $dataExpirare', 'APPPATH\\Controllers\\Login.php', 64)
 2 SYSTEMPATH\CodeIgniter.php(927): App\Controllers\Login->checkToken()
 3 SYSTEMPATH\CodeIgniter.php(482): CodeIgniter\CodeIgniter->runController(Object(App\Controllers\Login))
 4 SYSTEMPATH\CodeIgniter.php(351): CodeIgniter\CodeIgniter->handleRequest(null, Object(Config\Cache), false)
 5 FCPATH\index.php(67): CodeIgniter\CodeIgniter->run()
CRITICAL - 2022-12-05 13:51:34 --> Undefined variable $dataExpirare
in APPPATH\Controllers\Login.php on line 64.
 1 APPPATH\Controllers\Login.php(64): CodeIgniter\Debug\Exceptions->errorHandler(2, 'Undefined variable $dataExpirare', 'APPPATH\\Controllers\\Login.php', 64)
 2 SYSTEMPATH\CodeIgniter.php(927): App\Controllers\Login->checkToken()
 3 SYSTEMPATH\CodeIgniter.php(482): CodeIgniter\CodeIgniter->runController(Object(App\Controllers\Login))
 4 SYSTEMPATH\CodeIgniter.php(351): CodeIgniter\CodeIgniter->handleRequest(null, Object(Config\Cache), false)
 5 FCPATH\index.php(67): CodeIgniter\CodeIgniter->run()
CRITICAL - 2022-12-05 13:51:43 --> Undefined variable $dataExpirare
in APPPATH\Controllers\Login.php on line 64.
 1 APPPATH\Controllers\Login.php(64): CodeIgniter\Debug\Exceptions->errorHandler(2, 'Undefined variable $dataExpirare', 'APPPATH\\Controllers\\Login.php', 64)
 2 SYSTEMPATH\CodeIgniter.php(927): App\Controllers\Login->checkToken()
 3 SYSTEMPATH\CodeIgniter.php(482): CodeIgniter\CodeIgniter->runController(Object(App\Controllers\Login))
 4 SYSTEMPATH\CodeIgniter.php(351): CodeIgniter\CodeIgniter->handleRequest(null, Object(Config\Cache), false)
 5 FCPATH\index.php(67): CodeIgniter\CodeIgniter->run()
